2023-11-03 T 13:28:04.638+0100 [1][INFO] org.testng.internal.Utils->info [TestNG] Running:
  C:\Users\MikołajNarloch\AppData\Local\JetBrains\IdeaIC2023.2\temp-testng-customsuite.xml

2023-11-03 T 13:28:05.620+0100 [1][INFO] io.github.bonigarcia.wdm.WebDriverManager->resolveDriverVersion Using chromedriver 119.0.6045.105 (resolved driver for Chrome 119)
2023-11-03 T 13:28:05.620+0100 [1][INFO] io.github.bonigarcia.wdm.WebDriverManager->resolveDriverVersion Using chromedriver 119.0.6045.105 (resolved driver for Chrome 119)
2023-11-03 T 13:28:05.654+0100 [1][INFO] io.github.bonigarcia.wdm.WebDriverManager->logSeekRepo Reading https://chromedriver.storage.googleapis.com/ to seek chromedriver
2023-11-03 T 13:28:05.654+0100 [1][INFO] io.github.bonigarcia.wdm.WebDriverManager->logSeekRepo Reading https://chromedriver.storage.googleapis.com/ to seek chromedriver
2023-11-03 T 13:28:06.272+0100 [1][INFO] io.github.bonigarcia.wdm.online.Downloader->downloadAndExtract Downloading https://edgedl.me.gvt1.com/edgedl/chrome/chrome-for-testing/119.0.6045.105/win64/chromedriver-win64.zip
2023-11-03 T 13:28:06.272+0100 [1][INFO] io.github.bonigarcia.wdm.online.Downloader->downloadAndExtract Downloading https://edgedl.me.gvt1.com/edgedl/chrome/chrome-for-testing/119.0.6045.105/win64/chromedriver-win64.zip
2023-11-03 T 13:28:06.955+0100 [1][INFO] io.github.bonigarcia.wdm.online.Downloader->extract Extracting driver from compressed file chromedriver-win64.zip
2023-11-03 T 13:28:06.955+0100 [1][INFO] io.github.bonigarcia.wdm.online.Downloader->extract Extracting driver from compressed file chromedriver-win64.zip
2023-11-03 T 13:28:07.163+0100 [1][INFO] io.github.bonigarcia.wdm.WebDriverManager->exportDriver Exporting webdriver.chrome.driver as C:\Users\MikołajNarloch\OneDrive - QualityMinds GmbH\Dokumenty\Programy\QMWebsiteSeleniumFramework2\drivers\chromedriver\win64\119.0.6045.105\chromedriver.exe
2023-11-03 T 13:28:07.163+0100 [1][INFO] io.github.bonigarcia.wdm.WebDriverManager->exportDriver Exporting webdriver.chrome.driver as C:\Users\MikołajNarloch\OneDrive - QualityMinds GmbH\Dokumenty\Programy\QMWebsiteSeleniumFramework2\drivers\chromedriver\win64\119.0.6045.105\chromedriver.exe
2023-11-03 T 13:28:11.551+0100 [29][WARN] org.asynchttpclient.netty.handler.WebSocketHandler->handleException onError
java.net.SocketException: Connection reset
	at java.base/sun.nio.ch.SocketChannelImpl.throwConnectionReset(SocketChannelImpl.java:394)
	at java.base/sun.nio.ch.SocketChannelImpl.read(SocketChannelImpl.java:426)
	at io.netty.buffer.PooledByteBuf.setBytes(PooledByteBuf.java:254)
	at io.netty.buffer.AbstractByteBuf.writeBytes(AbstractByteBuf.java:1132)
	at io.netty.buffer.WrappedByteBuf.writeBytes(WrappedByteBuf.java:821)
	at io.netty.channel.socket.nio.NioSocketChannel.doReadBytes(NioSocketChannel.java:357)
	at io.netty.channel.nio.AbstractNioByteChannel$NioByteUnsafe.read(AbstractNioByteChannel.java:151)
	at io.netty.channel.nio.NioEventLoop.processSelectedKey(NioEventLoop.java:788)
	at io.netty.channel.nio.NioEventLoop.processSelectedKeysOptimized(NioEventLoop.java:724)
	at io.netty.channel.nio.NioEventLoop.processSelectedKeys(NioEventLoop.java:650)
	at io.netty.channel.nio.NioEventLoop.run(NioEventLoop.java:562)
	at io.netty.util.concurrent.SingleThreadEventExecutor$4.run(SingleThreadEventExecutor.java:997)
	at io.netty.util.internal.ThreadExecutorMap$2.run(ThreadExecutorMap.java:74)
	at io.netty.util.concurrent.FastThreadLocalRunnable.run(FastThreadLocalRunnable.java:30)
	at java.base/java.lang.Thread.run(Thread.java:833)
2023-11-03 T 13:28:53.350+0100 [1][INFO] org.testng.internal.Utils->info [TestNG] Running:
  C:\Users\MikołajNarloch\AppData\Local\JetBrains\IdeaIC2023.2\temp-testng-customsuite.xml

2023-11-03 T 13:28:53.700+0100 [1][INFO] io.github.bonigarcia.wdm.WebDriverManager->resolveDriverVersion Using chromedriver 119.0.6045.105 (resolved driver for Chrome 119)
2023-11-03 T 13:28:53.700+0100 [1][INFO] io.github.bonigarcia.wdm.WebDriverManager->resolveDriverVersion Using chromedriver 119.0.6045.105 (resolved driver for Chrome 119)
2023-11-03 T 13:28:53.723+0100 [1][INFO] io.github.bonigarcia.wdm.WebDriverManager->exportDriver Exporting webdriver.chrome.driver as drivers\chromedriver\win64\119.0.6045.105\chromedriver.exe
2023-11-03 T 13:28:53.723+0100 [1][INFO] io.github.bonigarcia.wdm.WebDriverManager->exportDriver Exporting webdriver.chrome.driver as drivers\chromedriver\win64\119.0.6045.105\chromedriver.exe
2023-11-03 T 13:29:59.170+0100 [1][INFO] org.testng.internal.Utils->info [TestNG] Running:
  C:\Users\MikołajNarloch\AppData\Local\JetBrains\IdeaIC2023.2\temp-testng-customsuite.xml

2023-11-03 T 13:29:59.719+0100 [1][INFO] io.github.bonigarcia.wdm.WebDriverManager->resolveDriverVersion Using chromedriver 119.0.6045.105 (resolved driver for Chrome 119)
2023-11-03 T 13:29:59.719+0100 [1][INFO] io.github.bonigarcia.wdm.WebDriverManager->resolveDriverVersion Using chromedriver 119.0.6045.105 (resolved driver for Chrome 119)
2023-11-03 T 13:29:59.749+0100 [1][INFO] io.github.bonigarcia.wdm.WebDriverManager->exportDriver Exporting webdriver.chrome.driver as drivers\chromedriver\win64\119.0.6045.105\chromedriver.exe
2023-11-03 T 13:29:59.749+0100 [1][INFO] io.github.bonigarcia.wdm.WebDriverManager->exportDriver Exporting webdriver.chrome.driver as drivers\chromedriver\win64\119.0.6045.105\chromedriver.exe
2023-11-03 T 13:31:48.942+0100 [1][INFO] org.testng.internal.Utils->info [TestNG] Running:
  C:\Users\MikołajNarloch\AppData\Local\JetBrains\IdeaIC2023.2\temp-testng-customsuite.xml

2023-11-03 T 13:31:49.309+0100 [1][INFO] io.github.bonigarcia.wdm.WebDriverManager->resolveDriverVersion Using chromedriver 119.0.6045.105 (resolved driver for Chrome 119)
2023-11-03 T 13:31:49.309+0100 [1][INFO] io.github.bonigarcia.wdm.WebDriverManager->resolveDriverVersion Using chromedriver 119.0.6045.105 (resolved driver for Chrome 119)
2023-11-03 T 13:31:49.333+0100 [1][INFO] io.github.bonigarcia.wdm.WebDriverManager->exportDriver Exporting webdriver.chrome.driver as drivers\chromedriver\win64\119.0.6045.105\chromedriver.exe
2023-11-03 T 13:31:49.333+0100 [1][INFO] io.github.bonigarcia.wdm.WebDriverManager->exportDriver Exporting webdriver.chrome.driver as drivers\chromedriver\win64\119.0.6045.105\chromedriver.exe
2023-11-03 T 13:33:51.455+0100 [1][INFO] org.testng.internal.Utils->info [TestNG] Running:
  C:\Users\MikołajNarloch\AppData\Local\JetBrains\IdeaIC2023.2\temp-testng-customsuite.xml

2023-11-03 T 13:33:51.797+0100 [1][INFO] io.github.bonigarcia.wdm.WebDriverManager->resolveDriverVersion Using chromedriver 119.0.6045.105 (resolved driver for Chrome 119)
2023-11-03 T 13:33:51.797+0100 [1][INFO] io.github.bonigarcia.wdm.WebDriverManager->resolveDriverVersion Using chromedriver 119.0.6045.105 (resolved driver for Chrome 119)
2023-11-03 T 13:33:51.815+0100 [1][INFO] io.github.bonigarcia.wdm.WebDriverManager->exportDriver Exporting webdriver.chrome.driver as drivers\chromedriver\win64\119.0.6045.105\chromedriver.exe
2023-11-03 T 13:33:51.815+0100 [1][INFO] io.github.bonigarcia.wdm.WebDriverManager->exportDriver Exporting webdriver.chrome.driver as drivers\chromedriver\win64\119.0.6045.105\chromedriver.exe
2023-11-03 T 13:34:02.747+0100 [1][INFO] org.testng.internal.Utils->info [TestNG] Running:
  C:\Users\MikołajNarloch\AppData\Local\JetBrains\IdeaIC2023.2\temp-testng-customsuite.xml

2023-11-03 T 13:34:03.092+0100 [1][INFO] io.github.bonigarcia.wdm.WebDriverManager->resolveDriverVersion Using chromedriver 119.0.6045.105 (resolved driver for Chrome 119)
2023-11-03 T 13:34:03.092+0100 [1][INFO] io.github.bonigarcia.wdm.WebDriverManager->resolveDriverVersion Using chromedriver 119.0.6045.105 (resolved driver for Chrome 119)
2023-11-03 T 13:34:03.114+0100 [1][INFO] io.github.bonigarcia.wdm.WebDriverManager->exportDriver Exporting webdriver.chrome.driver as drivers\chromedriver\win64\119.0.6045.105\chromedriver.exe
2023-11-03 T 13:34:03.114+0100 [1][INFO] io.github.bonigarcia.wdm.WebDriverManager->exportDriver Exporting webdriver.chrome.driver as drivers\chromedriver\win64\119.0.6045.105\chromedriver.exe
2023-11-03 T 13:36:58.633+0100 [1][INFO] org.testng.internal.Utils->info [TestNG] Running:
  C:\Users\MikołajNarloch\AppData\Local\JetBrains\IdeaIC2023.2\temp-testng-customsuite.xml

2023-11-03 T 13:36:59.011+0100 [1][INFO] io.github.bonigarcia.wdm.WebDriverManager->resolveDriverVersion Using chromedriver 119.0.6045.105 (resolved driver for Chrome 119)
2023-11-03 T 13:36:59.011+0100 [1][INFO] io.github.bonigarcia.wdm.WebDriverManager->resolveDriverVersion Using chromedriver 119.0.6045.105 (resolved driver for Chrome 119)
2023-11-03 T 13:36:59.035+0100 [1][INFO] io.github.bonigarcia.wdm.WebDriverManager->exportDriver Exporting webdriver.chrome.driver as drivers\chromedriver\win64\119.0.6045.105\chromedriver.exe
2023-11-03 T 13:36:59.035+0100 [1][INFO] io.github.bonigarcia.wdm.WebDriverManager->exportDriver Exporting webdriver.chrome.driver as drivers\chromedriver\win64\119.0.6045.105\chromedriver.exe
2023-11-03 T 13:37:28.550+0100 [1][INFO] org.testng.internal.Utils->info [TestNG] Running:
  C:\Users\MikołajNarloch\AppData\Local\JetBrains\IdeaIC2023.2\temp-testng-customsuite.xml

2023-11-03 T 13:37:28.936+0100 [1][INFO] io.github.bonigarcia.wdm.WebDriverManager->resolveDriverVersion Using chromedriver 119.0.6045.105 (resolved driver for Chrome 119)
2023-11-03 T 13:37:28.936+0100 [1][INFO] io.github.bonigarcia.wdm.WebDriverManager->resolveDriverVersion Using chromedriver 119.0.6045.105 (resolved driver for Chrome 119)
2023-11-03 T 13:37:28.956+0100 [1][INFO] io.github.bonigarcia.wdm.WebDriverManager->exportDriver Exporting webdriver.chrome.driver as drivers\chromedriver\win64\119.0.6045.105\chromedriver.exe
2023-11-03 T 13:37:28.956+0100 [1][INFO] io.github.bonigarcia.wdm.WebDriverManager->exportDriver Exporting webdriver.chrome.driver as drivers\chromedriver\win64\119.0.6045.105\chromedriver.exe
2023-11-03 T 13:37:48.486+0100 [1][INFO] org.testng.internal.Utils->info [TestNG] Running:
  C:\Users\MikołajNarloch\AppData\Local\JetBrains\IdeaIC2023.2\temp-testng-customsuite.xml

2023-11-03 T 13:37:48.839+0100 [1][INFO] io.github.bonigarcia.wdm.WebDriverManager->resolveDriverVersion Using chromedriver 119.0.6045.105 (resolved driver for Chrome 119)
2023-11-03 T 13:37:48.839+0100 [1][INFO] io.github.bonigarcia.wdm.WebDriverManager->resolveDriverVersion Using chromedriver 119.0.6045.105 (resolved driver for Chrome 119)
2023-11-03 T 13:37:48.855+0100 [1][INFO] io.github.bonigarcia.wdm.WebDriverManager->exportDriver Exporting webdriver.chrome.driver as drivers\chromedriver\win64\119.0.6045.105\chromedriver.exe
2023-11-03 T 13:37:48.855+0100 [1][INFO] io.github.bonigarcia.wdm.WebDriverManager->exportDriver Exporting webdriver.chrome.driver as drivers\chromedriver\win64\119.0.6045.105\chromedriver.exe
2023-11-03 T 13:38:13.674+0100 [1][INFO] org.testng.internal.Utils->info [TestNG] Running:
  C:\Users\MikołajNarloch\AppData\Local\JetBrains\IdeaIC2023.2\temp-testng-customsuite.xml

2023-11-03 T 13:38:13.994+0100 [1][INFO] io.github.bonigarcia.wdm.WebDriverManager->resolveDriverVersion Using chromedriver 119.0.6045.105 (resolved driver for Chrome 119)
2023-11-03 T 13:38:13.994+0100 [1][INFO] io.github.bonigarcia.wdm.WebDriverManager->resolveDriverVersion Using chromedriver 119.0.6045.105 (resolved driver for Chrome 119)
2023-11-03 T 13:38:14.012+0100 [1][INFO] io.github.bonigarcia.wdm.WebDriverManager->exportDriver Exporting webdriver.chrome.driver as drivers\chromedriver\win64\119.0.6045.105\chromedriver.exe
2023-11-03 T 13:38:14.012+0100 [1][INFO] io.github.bonigarcia.wdm.WebDriverManager->exportDriver Exporting webdriver.chrome.driver as drivers\chromedriver\win64\119.0.6045.105\chromedriver.exe
2023-11-03 T 13:38:47.418+0100 [1][INFO] org.testng.internal.Utils->info [TestNG] Running:
  C:\Users\MikołajNarloch\AppData\Local\JetBrains\IdeaIC2023.2\temp-testng-customsuite.xml

2023-11-03 T 13:38:47.774+0100 [1][INFO] io.github.bonigarcia.wdm.WebDriverManager->resolveDriverVersion Using chromedriver 119.0.6045.105 (resolved driver for Chrome 119)
2023-11-03 T 13:38:47.774+0100 [1][INFO] io.github.bonigarcia.wdm.WebDriverManager->resolveDriverVersion Using chromedriver 119.0.6045.105 (resolved driver for Chrome 119)
2023-11-03 T 13:38:47.795+0100 [1][INFO] io.github.bonigarcia.wdm.WebDriverManager->exportDriver Exporting webdriver.chrome.driver as drivers\chromedriver\win64\119.0.6045.105\chromedriver.exe
2023-11-03 T 13:38:47.795+0100 [1][INFO] io.github.bonigarcia.wdm.WebDriverManager->exportDriver Exporting webdriver.chrome.driver as drivers\chromedriver\win64\119.0.6045.105\chromedriver.exe
2023-11-03 T 13:39:42.866+0100 [1][INFO] org.testng.internal.Utils->info [TestNG] Running:
  C:\Users\MikołajNarloch\AppData\Local\JetBrains\IdeaIC2023.2\temp-testng-customsuite.xml

2023-11-03 T 13:39:43.201+0100 [1][INFO] io.github.bonigarcia.wdm.WebDriverManager->resolveDriverVersion Using chromedriver 119.0.6045.105 (resolved driver for Chrome 119)
2023-11-03 T 13:39:43.201+0100 [1][INFO] io.github.bonigarcia.wdm.WebDriverManager->resolveDriverVersion Using chromedriver 119.0.6045.105 (resolved driver for Chrome 119)
2023-11-03 T 13:39:43.225+0100 [1][INFO] io.github.bonigarcia.wdm.WebDriverManager->exportDriver Exporting webdriver.chrome.driver as drivers\chromedriver\win64\119.0.6045.105\chromedriver.exe
2023-11-03 T 13:39:43.225+0100 [1][INFO] io.github.bonigarcia.wdm.WebDriverManager->exportDriver Exporting webdriver.chrome.driver as drivers\chromedriver\win64\119.0.6045.105\chromedriver.exe
2023-11-03 T 13:41:22.481+0100 [1][INFO] org.testng.internal.Utils->info [TestNG] Running:
  C:\Users\MikołajNarloch\AppData\Local\JetBrains\IdeaIC2023.2\temp-testng-customsuite.xml

2023-11-03 T 13:41:22.824+0100 [1][INFO] io.github.bonigarcia.wdm.WebDriverManager->resolveDriverVersion Using chromedriver 119.0.6045.105 (resolved driver for Chrome 119)
2023-11-03 T 13:41:22.824+0100 [1][INFO] io.github.bonigarcia.wdm.WebDriverManager->resolveDriverVersion Using chromedriver 119.0.6045.105 (resolved driver for Chrome 119)
2023-11-03 T 13:41:22.847+0100 [1][INFO] io.github.bonigarcia.wdm.WebDriverManager->exportDriver Exporting webdriver.chrome.driver as drivers\chromedriver\win64\119.0.6045.105\chromedriver.exe
2023-11-03 T 13:41:22.847+0100 [1][INFO] io.github.bonigarcia.wdm.WebDriverManager->exportDriver Exporting webdriver.chrome.driver as drivers\chromedriver\win64\119.0.6045.105\chromedriver.exe
2023-11-03 T 13:42:04.294+0100 [1][INFO] org.testng.internal.Utils->info [TestNG] Running:
  C:\Users\MikołajNarloch\AppData\Local\JetBrains\IdeaIC2023.2\temp-testng-customsuite.xml

2023-11-03 T 13:42:04.630+0100 [1][INFO] io.github.bonigarcia.wdm.WebDriverManager->resolveDriverVersion Using chromedriver 119.0.6045.105 (resolved driver for Chrome 119)
2023-11-03 T 13:42:04.630+0100 [1][INFO] io.github.bonigarcia.wdm.WebDriverManager->resolveDriverVersion Using chromedriver 119.0.6045.105 (resolved driver for Chrome 119)
2023-11-03 T 13:42:04.649+0100 [1][INFO] io.github.bonigarcia.wdm.WebDriverManager->exportDriver Exporting webdriver.chrome.driver as drivers\chromedriver\win64\119.0.6045.105\chromedriver.exe
2023-11-03 T 13:42:04.649+0100 [1][INFO] io.github.bonigarcia.wdm.WebDriverManager->exportDriver Exporting webdriver.chrome.driver as drivers\chromedriver\win64\119.0.6045.105\chromedriver.exe
2023-11-03 T 13:44:21.470+0100 [1][INFO] org.testng.internal.Utils->info [TestNG] Running:
  C:\Users\MikołajNarloch\AppData\Local\JetBrains\IdeaIC2023.2\temp-testng-customsuite.xml

2023-11-03 T 13:44:21.827+0100 [1][INFO] io.github.bonigarcia.wdm.WebDriverManager->resolveDriverVersion Using chromedriver 119.0.6045.105 (resolved driver for Chrome 119)
2023-11-03 T 13:44:21.827+0100 [1][INFO] io.github.bonigarcia.wdm.WebDriverManager->resolveDriverVersion Using chromedriver 119.0.6045.105 (resolved driver for Chrome 119)
2023-11-03 T 13:44:21.847+0100 [1][INFO] io.github.bonigarcia.wdm.WebDriverManager->exportDriver Exporting webdriver.chrome.driver as drivers\chromedriver\win64\119.0.6045.105\chromedriver.exe
2023-11-03 T 13:44:21.847+0100 [1][INFO] io.github.bonigarcia.wdm.WebDriverManager->exportDriver Exporting webdriver.chrome.driver as drivers\chromedriver\win64\119.0.6045.105\chromedriver.exe
2023-11-03 T 13:45:13.582+0100 [1][INFO] org.testng.internal.Utils->info [TestNG] Running:
  C:\Users\MikołajNarloch\AppData\Local\JetBrains\IdeaIC2023.2\temp-testng-customsuite.xml

2023-11-03 T 13:45:13.953+0100 [1][INFO] io.github.bonigarcia.wdm.WebDriverManager->resolveDriverVersion Using chromedriver 119.0.6045.105 (resolved driver for Chrome 119)
2023-11-03 T 13:45:13.953+0100 [1][INFO] io.github.bonigarcia.wdm.WebDriverManager->resolveDriverVersion Using chromedriver 119.0.6045.105 (resolved driver for Chrome 119)
2023-11-03 T 13:45:13.973+0100 [1][INFO] io.github.bonigarcia.wdm.WebDriverManager->exportDriver Exporting webdriver.chrome.driver as drivers\chromedriver\win64\119.0.6045.105\chromedriver.exe
2023-11-03 T 13:45:13.973+0100 [1][INFO] io.github.bonigarcia.wdm.WebDriverManager->exportDriver Exporting webdriver.chrome.driver as drivers\chromedriver\win64\119.0.6045.105\chromedriver.exe
2023-11-03 T 13:46:03.434+0100 [1][INFO] org.testng.internal.Utils->info [TestNG] Running:
  C:\Users\MikołajNarloch\AppData\Local\JetBrains\IdeaIC2023.2\temp-testng-customsuite.xml

2023-11-03 T 13:46:03.767+0100 [1][INFO] io.github.bonigarcia.wdm.WebDriverManager->resolveDriverVersion Using chromedriver 119.0.6045.105 (resolved driver for Chrome 119)
2023-11-03 T 13:46:03.767+0100 [1][INFO] io.github.bonigarcia.wdm.WebDriverManager->resolveDriverVersion Using chromedriver 119.0.6045.105 (resolved driver for Chrome 119)
2023-11-03 T 13:46:03.795+0100 [1][INFO] io.github.bonigarcia.wdm.WebDriverManager->exportDriver Exporting webdriver.chrome.driver as drivers\chromedriver\win64\119.0.6045.105\chromedriver.exe
2023-11-03 T 13:46:03.795+0100 [1][INFO] io.github.bonigarcia.wdm.WebDriverManager->exportDriver Exporting webdriver.chrome.driver as drivers\chromedriver\win64\119.0.6045.105\chromedriver.exe
2023-11-03 T 13:46:29.769+0100 [1][INFO] org.testng.internal.Utils->info [TestNG] Running:
  C:\Users\MikołajNarloch\AppData\Local\JetBrains\IdeaIC2023.2\temp-testng-customsuite.xml

2023-11-03 T 13:46:30.127+0100 [1][INFO] io.github.bonigarcia.wdm.WebDriverManager->resolveDriverVersion Using chromedriver 119.0.6045.105 (resolved driver for Chrome 119)
2023-11-03 T 13:46:30.127+0100 [1][INFO] io.github.bonigarcia.wdm.WebDriverManager->resolveDriverVersion Using chromedriver 119.0.6045.105 (resolved driver for Chrome 119)
2023-11-03 T 13:46:30.145+0100 [1][INFO] io.github.bonigarcia.wdm.WebDriverManager->exportDriver Exporting webdriver.chrome.driver as drivers\chromedriver\win64\119.0.6045.105\chromedriver.exe
2023-11-03 T 13:46:30.145+0100 [1][INFO] io.github.bonigarcia.wdm.WebDriverManager->exportDriver Exporting webdriver.chrome.driver as drivers\chromedriver\win64\119.0.6045.105\chromedriver.exe
2023-11-03 T 13:47:55.260+0100 [1][INFO] org.testng.internal.Utils->info [TestNG] Running:
  C:\Users\MikołajNarloch\AppData\Local\JetBrains\IdeaIC2023.2\temp-testng-customsuite.xml

2023-11-03 T 13:47:55.606+0100 [1][INFO] io.github.bonigarcia.wdm.WebDriverManager->resolveDriverVersion Using chromedriver 119.0.6045.105 (resolved driver for Chrome 119)
2023-11-03 T 13:47:55.606+0100 [1][INFO] io.github.bonigarcia.wdm.WebDriverManager->resolveDriverVersion Using chromedriver 119.0.6045.105 (resolved driver for Chrome 119)
2023-11-03 T 13:47:55.633+0100 [1][INFO] io.github.bonigarcia.wdm.WebDriverManager->exportDriver Exporting webdriver.chrome.driver as drivers\chromedriver\win64\119.0.6045.105\chromedriver.exe
2023-11-03 T 13:47:55.633+0100 [1][INFO] io.github.bonigarcia.wdm.WebDriverManager->exportDriver Exporting webdriver.chrome.driver as drivers\chromedriver\win64\119.0.6045.105\chromedriver.exe
2023-11-03 T 13:49:42.155+0100 [1][INFO] org.testng.internal.Utils->info [TestNG] Running:
  C:\Users\MikołajNarloch\AppData\Local\JetBrains\IdeaIC2023.2\temp-testng-customsuite.xml

2023-11-03 T 13:49:42.492+0100 [1][INFO] io.github.bonigarcia.wdm.WebDriverManager->resolveDriverVersion Using chromedriver 119.0.6045.105 (resolved driver for Chrome 119)
2023-11-03 T 13:49:42.492+0100 [1][INFO] io.github.bonigarcia.wdm.WebDriverManager->resolveDriverVersion Using chromedriver 119.0.6045.105 (resolved driver for Chrome 119)
2023-11-03 T 13:49:42.510+0100 [1][INFO] io.github.bonigarcia.wdm.WebDriverManager->exportDriver Exporting webdriver.chrome.driver as drivers\chromedriver\win64\119.0.6045.105\chromedriver.exe
2023-11-03 T 13:49:42.510+0100 [1][INFO] io.github.bonigarcia.wdm.WebDriverManager->exportDriver Exporting webdriver.chrome.driver as drivers\chromedriver\win64\119.0.6045.105\chromedriver.exe
2023-11-03 T 13:50:19.066+0100 [1][INFO] org.testng.internal.Utils->info [TestNG] Running:
  C:\Users\MikołajNarloch\AppData\Local\JetBrains\IdeaIC2023.2\temp-testng-customsuite.xml

2023-11-03 T 13:50:19.411+0100 [1][INFO] io.github.bonigarcia.wdm.WebDriverManager->resolveDriverVersion Using chromedriver 119.0.6045.105 (resolved driver for Chrome 119)
2023-11-03 T 13:50:19.411+0100 [1][INFO] io.github.bonigarcia.wdm.WebDriverManager->resolveDriverVersion Using chromedriver 119.0.6045.105 (resolved driver for Chrome 119)
2023-11-03 T 13:50:19.433+0100 [1][INFO] io.github.bonigarcia.wdm.WebDriverManager->exportDriver Exporting webdriver.chrome.driver as drivers\chromedriver\win64\119.0.6045.105\chromedriver.exe
2023-11-03 T 13:50:19.433+0100 [1][INFO] io.github.bonigarcia.wdm.WebDriverManager->exportDriver Exporting webdriver.chrome.driver as drivers\chromedriver\win64\119.0.6045.105\chromedriver.exe
2023-11-03 T 13:52:28.765+0100 [1][INFO] org.testng.internal.Utils->info [TestNG] Running:
  C:\Users\MikołajNarloch\AppData\Local\JetBrains\IdeaIC2023.2\temp-testng-customsuite.xml

2023-11-03 T 13:52:29.091+0100 [1][INFO] io.github.bonigarcia.wdm.WebDriverManager->resolveDriverVersion Using chromedriver 119.0.6045.105 (resolved driver for Chrome 119)
2023-11-03 T 13:52:29.091+0100 [1][INFO] io.github.bonigarcia.wdm.WebDriverManager->resolveDriverVersion Using chromedriver 119.0.6045.105 (resolved driver for Chrome 119)
2023-11-03 T 13:52:29.110+0100 [1][INFO] io.github.bonigarcia.wdm.WebDriverManager->exportDriver Exporting webdriver.chrome.driver as drivers\chromedriver\win64\119.0.6045.105\chromedriver.exe
2023-11-03 T 13:52:29.110+0100 [1][INFO] io.github.bonigarcia.wdm.WebDriverManager->exportDriver Exporting webdriver.chrome.driver as drivers\chromedriver\win64\119.0.6045.105\chromedriver.exe
2023-11-03 T 13:59:02.223+0100 [1][INFO] org.testng.internal.Utils->info [TestNG] Running:
  C:\Users\MikołajNarloch\AppData\Local\JetBrains\IdeaIC2023.2\temp-testng-customsuite.xml

2023-11-03 T 13:59:02.564+0100 [1][INFO] io.github.bonigarcia.wdm.WebDriverManager->resolveDriverVersion Using chromedriver 119.0.6045.105 (resolved driver for Chrome 119)
2023-11-03 T 13:59:02.564+0100 [1][INFO] io.github.bonigarcia.wdm.WebDriverManager->resolveDriverVersion Using chromedriver 119.0.6045.105 (resolved driver for Chrome 119)
2023-11-03 T 13:59:02.586+0100 [1][INFO] io.github.bonigarcia.wdm.WebDriverManager->exportDriver Exporting webdriver.chrome.driver as drivers\chromedriver\win64\119.0.6045.105\chromedriver.exe
2023-11-03 T 13:59:02.586+0100 [1][INFO] io.github.bonigarcia.wdm.WebDriverManager->exportDriver Exporting webdriver.chrome.driver as drivers\chromedriver\win64\119.0.6045.105\chromedriver.exe
2023-11-03 T 13:59:37.754+0100 [1][INFO] org.testng.internal.Utils->info [TestNG] Running:
  C:\Users\MikołajNarloch\AppData\Local\JetBrains\IdeaIC2023.2\temp-testng-customsuite.xml

2023-11-03 T 13:59:38.099+0100 [1][INFO] io.github.bonigarcia.wdm.WebDriverManager->resolveDriverVersion Using chromedriver 119.0.6045.105 (resolved driver for Chrome 119)
2023-11-03 T 13:59:38.099+0100 [1][INFO] io.github.bonigarcia.wdm.WebDriverManager->resolveDriverVersion Using chromedriver 119.0.6045.105 (resolved driver for Chrome 119)
2023-11-03 T 13:59:38.119+0100 [1][INFO] io.github.bonigarcia.wdm.WebDriverManager->exportDriver Exporting webdriver.chrome.driver as drivers\chromedriver\win64\119.0.6045.105\chromedriver.exe
2023-11-03 T 13:59:38.119+0100 [1][INFO] io.github.bonigarcia.wdm.WebDriverManager->exportDriver Exporting webdriver.chrome.driver as drivers\chromedriver\win64\119.0.6045.105\chromedriver.exe
2023-11-03 T 14:00:59.028+0100 [1][INFO] org.testng.internal.Utils->info [TestNG] Running:
  C:\Users\MikołajNarloch\AppData\Local\JetBrains\IdeaIC2023.2\temp-testng-customsuite.xml

2023-11-03 T 14:00:59.393+0100 [1][INFO] io.github.bonigarcia.wdm.WebDriverManager->resolveDriverVersion Using chromedriver 119.0.6045.105 (resolved driver for Chrome 119)
2023-11-03 T 14:00:59.393+0100 [1][INFO] io.github.bonigarcia.wdm.WebDriverManager->resolveDriverVersion Using chromedriver 119.0.6045.105 (resolved driver for Chrome 119)
2023-11-03 T 14:00:59.412+0100 [1][INFO] io.github.bonigarcia.wdm.WebDriverManager->exportDriver Exporting webdriver.chrome.driver as drivers\chromedriver\win64\119.0.6045.105\chromedriver.exe
2023-11-03 T 14:00:59.412+0100 [1][INFO] io.github.bonigarcia.wdm.WebDriverManager->exportDriver Exporting webdriver.chrome.driver as drivers\chromedriver\win64\119.0.6045.105\chromedriver.exe
2023-11-03 T 14:01:48.179+0100 [1][INFO] org.testng.internal.Utils->info [TestNG] Running:
  C:\Users\MikołajNarloch\AppData\Local\JetBrains\IdeaIC2023.2\temp-testng-customsuite.xml

2023-11-03 T 14:01:48.508+0100 [1][INFO] io.github.bonigarcia.wdm.WebDriverManager->resolveDriverVersion Using chromedriver 119.0.6045.105 (resolved driver for Chrome 119)
2023-11-03 T 14:01:48.508+0100 [1][INFO] io.github.bonigarcia.wdm.WebDriverManager->resolveDriverVersion Using chromedriver 119.0.6045.105 (resolved driver for Chrome 119)
2023-11-03 T 14:01:48.530+0100 [1][INFO] io.github.bonigarcia.wdm.WebDriverManager->exportDriver Exporting webdriver.chrome.driver as drivers\chromedriver\win64\119.0.6045.105\chromedriver.exe
2023-11-03 T 14:01:48.530+0100 [1][INFO] io.github.bonigarcia.wdm.WebDriverManager->exportDriver Exporting webdriver.chrome.driver as drivers\chromedriver\win64\119.0.6045.105\chromedriver.exe
2023-11-03 T 14:03:09.267+0100 [1][INFO] org.testng.internal.Utils->info [TestNG] Running:
  C:\Users\MikołajNarloch\AppData\Local\JetBrains\IdeaIC2023.2\temp-testng-customsuite.xml

2023-11-03 T 14:03:09.620+0100 [1][INFO] io.github.bonigarcia.wdm.WebDriverManager->resolveDriverVersion Using chromedriver 119.0.6045.105 (resolved driver for Chrome 119)
2023-11-03 T 14:03:09.620+0100 [1][INFO] io.github.bonigarcia.wdm.WebDriverManager->resolveDriverVersion Using chromedriver 119.0.6045.105 (resolved driver for Chrome 119)
2023-11-03 T 14:03:09.638+0100 [1][INFO] io.github.bonigarcia.wdm.WebDriverManager->exportDriver Exporting webdriver.chrome.driver as drivers\chromedriver\win64\119.0.6045.105\chromedriver.exe
2023-11-03 T 14:03:09.638+0100 [1][INFO] io.github.bonigarcia.wdm.WebDriverManager->exportDriver Exporting webdriver.chrome.driver as drivers\chromedriver\win64\119.0.6045.105\chromedriver.exe
2023-11-03 T 14:03:32.996+0100 [1][INFO] org.testng.internal.Utils->info [TestNG] Running:
  C:\Users\MikołajNarloch\AppData\Local\JetBrains\IdeaIC2023.2\temp-testng-customsuite.xml

2023-11-03 T 14:03:33.359+0100 [1][INFO] io.github.bonigarcia.wdm.WebDriverManager->resolveDriverVersion Using chromedriver 119.0.6045.105 (resolved driver for Chrome 119)
2023-11-03 T 14:03:33.359+0100 [1][INFO] io.github.bonigarcia.wdm.WebDriverManager->resolveDriverVersion Using chromedriver 119.0.6045.105 (resolved driver for Chrome 119)
2023-11-03 T 14:03:33.378+0100 [1][INFO] io.github.bonigarcia.wdm.WebDriverManager->exportDriver Exporting webdriver.chrome.driver as drivers\chromedriver\win64\119.0.6045.105\chromedriver.exe
2023-11-03 T 14:03:33.378+0100 [1][INFO] io.github.bonigarcia.wdm.WebDriverManager->exportDriver Exporting webdriver.chrome.driver as drivers\chromedriver\win64\119.0.6045.105\chromedriver.exe
2023-11-03 T 14:04:52.075+0100 [1][INFO] org.testng.internal.Utils->info [TestNG] Running:
  C:\Users\MikołajNarloch\AppData\Local\JetBrains\IdeaIC2023.2\temp-testng-customsuite.xml

2023-11-03 T 14:04:52.500+0100 [1][INFO] io.github.bonigarcia.wdm.WebDriverManager->resolveDriverVersion Using chromedriver 119.0.6045.105 (resolved driver for Chrome 119)
2023-11-03 T 14:04:52.500+0100 [1][INFO] io.github.bonigarcia.wdm.WebDriverManager->resolveDriverVersion Using chromedriver 119.0.6045.105 (resolved driver for Chrome 119)
2023-11-03 T 14:04:52.522+0100 [1][INFO] io.github.bonigarcia.wdm.WebDriverManager->exportDriver Exporting webdriver.chrome.driver as drivers\chromedriver\win64\119.0.6045.105\chromedriver.exe
2023-11-03 T 14:04:52.522+0100 [1][INFO] io.github.bonigarcia.wdm.WebDriverManager->exportDriver Exporting webdriver.chrome.driver as drivers\chromedriver\win64\119.0.6045.105\chromedriver.exe
2023-11-03 T 14:08:35.929+0100 [1][INFO] org.testng.internal.Utils->info [TestNG] Running:
  C:\Users\MikołajNarloch\AppData\Local\JetBrains\IdeaIC2023.2\temp-testng-customsuite.xml

2023-11-03 T 14:08:36.286+0100 [1][INFO] io.github.bonigarcia.wdm.WebDriverManager->resolveDriverVersion Using chromedriver 119.0.6045.105 (resolved driver for Chrome 119)
2023-11-03 T 14:08:36.286+0100 [1][INFO] io.github.bonigarcia.wdm.WebDriverManager->resolveDriverVersion Using chromedriver 119.0.6045.105 (resolved driver for Chrome 119)
2023-11-03 T 14:08:36.308+0100 [1][INFO] io.github.bonigarcia.wdm.WebDriverManager->exportDriver Exporting webdriver.chrome.driver as drivers\chromedriver\win64\119.0.6045.105\chromedriver.exe
2023-11-03 T 14:08:36.308+0100 [1][INFO] io.github.bonigarcia.wdm.WebDriverManager->exportDriver Exporting webdriver.chrome.driver as drivers\chromedriver\win64\119.0.6045.105\chromedriver.exe
2023-11-03 T 14:08:50.378+0100 [1][INFO] org.testng.internal.Utils->info [TestNG] Running:
  C:\Users\MikołajNarloch\AppData\Local\JetBrains\IdeaIC2023.2\temp-testng-customsuite.xml

2023-11-03 T 14:08:50.718+0100 [1][INFO] io.github.bonigarcia.wdm.WebDriverManager->resolveDriverVersion Using chromedriver 119.0.6045.105 (resolved driver for Chrome 119)
2023-11-03 T 14:08:50.718+0100 [1][INFO] io.github.bonigarcia.wdm.WebDriverManager->resolveDriverVersion Using chromedriver 119.0.6045.105 (resolved driver for Chrome 119)
2023-11-03 T 14:08:50.735+0100 [1][INFO] io.github.bonigarcia.wdm.WebDriverManager->exportDriver Exporting webdriver.chrome.driver as drivers\chromedriver\win64\119.0.6045.105\chromedriver.exe
2023-11-03 T 14:08:50.735+0100 [1][INFO] io.github.bonigarcia.wdm.WebDriverManager->exportDriver Exporting webdriver.chrome.driver as drivers\chromedriver\win64\119.0.6045.105\chromedriver.exe
2023-11-03 T 14:14:50.304+0100 [1][INFO] org.testng.internal.Utils->info [TestNG] Running:
  C:\Users\MikołajNarloch\AppData\Local\JetBrains\IdeaIC2023.2\temp-testng-customsuite.xml

2023-11-03 T 14:14:50.669+0100 [1][INFO] io.github.bonigarcia.wdm.WebDriverManager->resolveDriverVersion Using chromedriver 119.0.6045.105 (resolved driver for Chrome 119)
2023-11-03 T 14:14:50.669+0100 [1][INFO] io.github.bonigarcia.wdm.WebDriverManager->resolveDriverVersion Using chromedriver 119.0.6045.105 (resolved driver for Chrome 119)
2023-11-03 T 14:14:50.696+0100 [1][INFO] io.github.bonigarcia.wdm.WebDriverManager->exportDriver Exporting webdriver.chrome.driver as drivers\chromedriver\win64\119.0.6045.105\chromedriver.exe
2023-11-03 T 14:14:50.696+0100 [1][INFO] io.github.bonigarcia.wdm.WebDriverManager->exportDriver Exporting webdriver.chrome.driver as drivers\chromedriver\win64\119.0.6045.105\chromedriver.exe
2023-11-03 T 14:16:48.246+0100 [1][INFO] org.testng.internal.Utils->info [TestNG] Running:
  C:\Users\MikołajNarloch\AppData\Local\JetBrains\IdeaIC2023.2\temp-testng-customsuite.xml

2023-11-03 T 14:16:48.603+0100 [1][INFO] io.github.bonigarcia.wdm.WebDriverManager->resolveDriverVersion Using chromedriver 119.0.6045.105 (resolved driver for Chrome 119)
2023-11-03 T 14:16:48.603+0100 [1][INFO] io.github.bonigarcia.wdm.WebDriverManager->resolveDriverVersion Using chromedriver 119.0.6045.105 (resolved driver for Chrome 119)
2023-11-03 T 14:16:48.623+0100 [1][INFO] io.github.bonigarcia.wdm.WebDriverManager->exportDriver Exporting webdriver.chrome.driver as drivers\chromedriver\win64\119.0.6045.105\chromedriver.exe
2023-11-03 T 14:16:48.623+0100 [1][INFO] io.github.bonigarcia.wdm.WebDriverManager->exportDriver Exporting webdriver.chrome.driver as drivers\chromedriver\win64\119.0.6045.105\chromedriver.exe
2023-11-03 T 14:18:49.764+0100 [1][INFO] org.testng.internal.Utils->info [TestNG] Running:
  C:\Users\MikołajNarloch\AppData\Local\JetBrains\IdeaIC2023.2\temp-testng-customsuite.xml

2023-11-03 T 14:18:50.138+0100 [1][INFO] io.github.bonigarcia.wdm.WebDriverManager->resolveDriverVersion Using chromedriver 119.0.6045.105 (resolved driver for Chrome 119)
2023-11-03 T 14:18:50.138+0100 [1][INFO] io.github.bonigarcia.wdm.WebDriverManager->resolveDriverVersion Using chromedriver 119.0.6045.105 (resolved driver for Chrome 119)
2023-11-03 T 14:18:50.160+0100 [1][INFO] io.github.bonigarcia.wdm.WebDriverManager->exportDriver Exporting webdriver.chrome.driver as drivers\chromedriver\win64\119.0.6045.105\chromedriver.exe
2023-11-03 T 14:18:50.160+0100 [1][INFO] io.github.bonigarcia.wdm.WebDriverManager->exportDriver Exporting webdriver.chrome.driver as drivers\chromedriver\win64\119.0.6045.105\chromedriver.exe
2023-11-03 T 14:19:08.419+0100 [1][INFO] org.testng.internal.Utils->info [TestNG] Running:
  C:\Users\MikołajNarloch\AppData\Local\JetBrains\IdeaIC2023.2\temp-testng-customsuite.xml

2023-11-03 T 14:19:08.835+0100 [1][INFO] io.github.bonigarcia.wdm.WebDriverManager->resolveDriverVersion Using chromedriver 119.0.6045.105 (resolved driver for Chrome 119)
2023-11-03 T 14:19:08.835+0100 [1][INFO] io.github.bonigarcia.wdm.WebDriverManager->resolveDriverVersion Using chromedriver 119.0.6045.105 (resolved driver for Chrome 119)
2023-11-03 T 14:19:08.858+0100 [1][INFO] io.github.bonigarcia.wdm.WebDriverManager->exportDriver Exporting webdriver.chrome.driver as drivers\chromedriver\win64\119.0.6045.105\chromedriver.exe
2023-11-03 T 14:19:08.858+0100 [1][INFO] io.github.bonigarcia.wdm.WebDriverManager->exportDriver Exporting webdriver.chrome.driver as drivers\chromedriver\win64\119.0.6045.105\chromedriver.exe
2023-11-03 T 14:20:52.187+0100 [1][INFO] org.testng.internal.Utils->info [TestNG] Running:
  C:\Users\MikołajNarloch\AppData\Local\JetBrains\IdeaIC2023.2\temp-testng-customsuite.xml

2023-11-03 T 14:20:52.524+0100 [1][INFO] io.github.bonigarcia.wdm.WebDriverManager->resolveDriverVersion Using chromedriver 119.0.6045.105 (resolved driver for Chrome 119)
2023-11-03 T 14:20:52.524+0100 [1][INFO] io.github.bonigarcia.wdm.WebDriverManager->resolveDriverVersion Using chromedriver 119.0.6045.105 (resolved driver for Chrome 119)
2023-11-03 T 14:20:52.548+0100 [1][INFO] io.github.bonigarcia.wdm.WebDriverManager->exportDriver Exporting webdriver.chrome.driver as drivers\chromedriver\win64\119.0.6045.105\chromedriver.exe
2023-11-03 T 14:20:52.548+0100 [1][INFO] io.github.bonigarcia.wdm.WebDriverManager->exportDriver Exporting webdriver.chrome.driver as drivers\chromedriver\win64\119.0.6045.105\chromedriver.exe
2023-11-03 T 14:21:15.361+0100 [1][INFO] org.testng.internal.Utils->info [TestNG] Running:
  C:\Users\MikołajNarloch\AppData\Local\JetBrains\IdeaIC2023.2\temp-testng-customsuite.xml

2023-11-03 T 14:21:15.713+0100 [1][INFO] io.github.bonigarcia.wdm.WebDriverManager->resolveDriverVersion Using chromedriver 119.0.6045.105 (resolved driver for Chrome 119)
2023-11-03 T 14:21:15.713+0100 [1][INFO] io.github.bonigarcia.wdm.WebDriverManager->resolveDriverVersion Using chromedriver 119.0.6045.105 (resolved driver for Chrome 119)
2023-11-03 T 14:21:15.733+0100 [1][INFO] io.github.bonigarcia.wdm.WebDriverManager->exportDriver Exporting webdriver.chrome.driver as drivers\chromedriver\win64\119.0.6045.105\chromedriver.exe
2023-11-03 T 14:21:15.733+0100 [1][INFO] io.github.bonigarcia.wdm.WebDriverManager->exportDriver Exporting webdriver.chrome.driver as drivers\chromedriver\win64\119.0.6045.105\chromedriver.exe
2023-11-03 T 14:21:34.509+0100 [1][INFO] org.testng.internal.Utils->info [TestNG] Running:
  C:\Users\MikołajNarloch\AppData\Local\JetBrains\IdeaIC2023.2\temp-testng-customsuite.xml

2023-11-03 T 14:21:34.831+0100 [1][INFO] io.github.bonigarcia.wdm.WebDriverManager->resolveDriverVersion Using chromedriver 119.0.6045.105 (resolved driver for Chrome 119)
2023-11-03 T 14:21:34.831+0100 [1][INFO] io.github.bonigarcia.wdm.WebDriverManager->resolveDriverVersion Using chromedriver 119.0.6045.105 (resolved driver for Chrome 119)
2023-11-03 T 14:21:34.852+0100 [1][INFO] io.github.bonigarcia.wdm.WebDriverManager->exportDriver Exporting webdriver.chrome.driver as drivers\chromedriver\win64\119.0.6045.105\chromedriver.exe
2023-11-03 T 14:21:34.852+0100 [1][INFO] io.github.bonigarcia.wdm.WebDriverManager->exportDriver Exporting webdriver.chrome.driver as drivers\chromedriver\win64\119.0.6045.105\chromedriver.exe
2023-11-03 T 14:22:46.976+0100 [1][INFO] org.testng.internal.Utils->info [TestNG] Running:
  C:\Users\MikołajNarloch\AppData\Local\JetBrains\IdeaIC2023.2\temp-testng-customsuite.xml

2023-11-03 T 14:22:47.309+0100 [1][INFO] io.github.bonigarcia.wdm.WebDriverManager->resolveDriverVersion Using chromedriver 119.0.6045.105 (resolved driver for Chrome 119)
2023-11-03 T 14:22:47.309+0100 [1][INFO] io.github.bonigarcia.wdm.WebDriverManager->resolveDriverVersion Using chromedriver 119.0.6045.105 (resolved driver for Chrome 119)
2023-11-03 T 14:22:47.330+0100 [1][INFO] io.github.bonigarcia.wdm.WebDriverManager->exportDriver Exporting webdriver.chrome.driver as drivers\chromedriver\win64\119.0.6045.105\chromedriver.exe
2023-11-03 T 14:22:47.330+0100 [1][INFO] io.github.bonigarcia.wdm.WebDriverManager->exportDriver Exporting webdriver.chrome.driver as drivers\chromedriver\win64\119.0.6045.105\chromedriver.exe
2023-11-03 T 14:23:35.550+0100 [1][INFO] org.testng.internal.Utils->info [TestNG] Running:
  C:\Users\MikołajNarloch\AppData\Local\JetBrains\IdeaIC2023.2\temp-testng-customsuite.xml

2023-11-03 T 14:23:35.914+0100 [1][INFO] io.github.bonigarcia.wdm.WebDriverManager->resolveDriverVersion Using chromedriver 119.0.6045.105 (resolved driver for Chrome 119)
2023-11-03 T 14:23:35.914+0100 [1][INFO] io.github.bonigarcia.wdm.WebDriverManager->resolveDriverVersion Using chromedriver 119.0.6045.105 (resolved driver for Chrome 119)
2023-11-03 T 14:23:35.939+0100 [1][INFO] io.github.bonigarcia.wdm.WebDriverManager->exportDriver Exporting webdriver.chrome.driver as drivers\chromedriver\win64\119.0.6045.105\chromedriver.exe
2023-11-03 T 14:23:35.939+0100 [1][INFO] io.github.bonigarcia.wdm.WebDriverManager->exportDriver Exporting webdriver.chrome.driver as drivers\chromedriver\win64\119.0.6045.105\chromedriver.exe
2023-11-03 T 14:24:02.333+0100 [29][WARN] org.asynchttpclient.netty.handler.WebSocketHandler->handleException onError
java.net.SocketException: Connection reset
	at java.base/sun.nio.ch.SocketChannelImpl.throwConnectionReset(SocketChannelImpl.java:394)
	at java.base/sun.nio.ch.SocketChannelImpl.read(SocketChannelImpl.java:426)
	at io.netty.buffer.PooledByteBuf.setBytes(PooledByteBuf.java:254)
	at io.netty.buffer.AbstractByteBuf.writeBytes(AbstractByteBuf.java:1132)
	at io.netty.channel.socket.nio.NioSocketChannel.doReadBytes(NioSocketChannel.java:357)
	at io.netty.channel.nio.AbstractNioByteChannel$NioByteUnsafe.read(AbstractNioByteChannel.java:151)
	at io.netty.channel.nio.NioEventLoop.processSelectedKey(NioEventLoop.java:788)
	at io.netty.channel.nio.NioEventLoop.processSelectedKeysOptimized(NioEventLoop.java:724)
	at io.netty.channel.nio.NioEventLoop.processSelectedKeys(NioEventLoop.java:650)
	at io.netty.channel.nio.NioEventLoop.run(NioEventLoop.java:562)
	at io.netty.util.concurrent.SingleThreadEventExecutor$4.run(SingleThreadEventExecutor.java:997)
	at io.netty.util.internal.ThreadExecutorMap$2.run(ThreadExecutorMap.java:74)
	at io.netty.util.concurrent.FastThreadLocalRunnable.run(FastThreadLocalRunnable.java:30)
	at java.base/java.lang.Thread.run(Thread.java:833)
2023-11-03 T 14:24:16.135+0100 [1][INFO] org.testng.internal.Utils->info [TestNG] Running:
  C:\Users\MikołajNarloch\AppData\Local\JetBrains\IdeaIC2023.2\temp-testng-customsuite.xml

2023-11-03 T 14:24:16.506+0100 [1][INFO] io.github.bonigarcia.wdm.WebDriverManager->resolveDriverVersion Using chromedriver 119.0.6045.105 (resolved driver for Chrome 119)
2023-11-03 T 14:24:16.506+0100 [1][INFO] io.github.bonigarcia.wdm.WebDriverManager->resolveDriverVersion Using chromedriver 119.0.6045.105 (resolved driver for Chrome 119)
2023-11-03 T 14:24:16.526+0100 [1][INFO] io.github.bonigarcia.wdm.WebDriverManager->exportDriver Exporting webdriver.chrome.driver as drivers\chromedriver\win64\119.0.6045.105\chromedriver.exe
2023-11-03 T 14:24:16.526+0100 [1][INFO] io.github.bonigarcia.wdm.WebDriverManager->exportDriver Exporting webdriver.chrome.driver as drivers\chromedriver\win64\119.0.6045.105\chromedriver.exe
2023-11-03 T 14:25:31.101+0100 [1][INFO] org.testng.internal.Utils->info [TestNG] Running:
  C:\Users\MikołajNarloch\AppData\Local\JetBrains\IdeaIC2023.2\temp-testng-customsuite.xml

2023-11-03 T 14:25:31.427+0100 [1][INFO] io.github.bonigarcia.wdm.WebDriverManager->resolveDriverVersion Using chromedriver 119.0.6045.105 (resolved driver for Chrome 119)
2023-11-03 T 14:25:31.427+0100 [1][INFO] io.github.bonigarcia.wdm.WebDriverManager->resolveDriverVersion Using chromedriver 119.0.6045.105 (resolved driver for Chrome 119)
2023-11-03 T 14:25:31.453+0100 [1][INFO] io.github.bonigarcia.wdm.WebDriverManager->exportDriver Exporting webdriver.chrome.driver as drivers\chromedriver\win64\119.0.6045.105\chromedriver.exe
2023-11-03 T 14:25:31.453+0100 [1][INFO] io.github.bonigarcia.wdm.WebDriverManager->exportDriver Exporting webdriver.chrome.driver as drivers\chromedriver\win64\119.0.6045.105\chromedriver.exe
2023-11-03 T 14:26:43.606+0100 [1][INFO] org.testng.internal.Utils->info [TestNG] Running:
  C:\Users\MikołajNarloch\AppData\Local\JetBrains\IdeaIC2023.2\temp-testng-customsuite.xml

2023-11-03 T 14:26:43.954+0100 [1][INFO] io.github.bonigarcia.wdm.WebDriverManager->resolveDriverVersion Using chromedriver 119.0.6045.105 (resolved driver for Chrome 119)
2023-11-03 T 14:26:43.954+0100 [1][INFO] io.github.bonigarcia.wdm.WebDriverManager->resolveDriverVersion Using chromedriver 119.0.6045.105 (resolved driver for Chrome 119)
2023-11-03 T 14:26:43.976+0100 [1][INFO] io.github.bonigarcia.wdm.WebDriverManager->exportDriver Exporting webdriver.chrome.driver as drivers\chromedriver\win64\119.0.6045.105\chromedriver.exe
2023-11-03 T 14:26:43.976+0100 [1][INFO] io.github.bonigarcia.wdm.WebDriverManager->exportDriver Exporting webdriver.chrome.driver as drivers\chromedriver\win64\119.0.6045.105\chromedriver.exe
2023-11-03 T 14:28:42.201+0100 [1][INFO] org.testng.internal.Utils->info [TestNG] Running:
  C:\Users\MikołajNarloch\AppData\Local\JetBrains\IdeaIC2023.2\temp-testng-customsuite.xml

2023-11-03 T 14:28:43.021+0100 [1][INFO] io.github.bonigarcia.wdm.WebDriverManager->resolveDriverVersion Using chromedriver 119.0.6045.105 (resolved driver for Chrome 119)
2023-11-03 T 14:28:43.021+0100 [1][INFO] io.github.bonigarcia.wdm.WebDriverManager->resolveDriverVersion Using chromedriver 119.0.6045.105 (resolved driver for Chrome 119)
2023-11-03 T 14:28:43.037+0100 [1][INFO] io.github.bonigarcia.wdm.WebDriverManager->exportDriver Exporting webdriver.chrome.driver as drivers\chromedriver\win64\119.0.6045.105\chromedriver.exe
2023-11-03 T 14:28:43.037+0100 [1][INFO] io.github.bonigarcia.wdm.WebDriverManager->exportDriver Exporting webdriver.chrome.driver as drivers\chromedriver\win64\119.0.6045.105\chromedriver.exe
2023-11-03 T 14:31:19.387+0100 [1][INFO] org.testng.internal.Utils->info [TestNG] Running:
  C:\Users\MikołajNarloch\AppData\Local\JetBrains\IdeaIC2023.2\temp-testng-customsuite.xml

2023-11-03 T 14:31:19.717+0100 [1][INFO] io.github.bonigarcia.wdm.WebDriverManager->resolveDriverVersion Using chromedriver 119.0.6045.105 (resolved driver for Chrome 119)
2023-11-03 T 14:31:19.717+0100 [1][INFO] io.github.bonigarcia.wdm.WebDriverManager->resolveDriverVersion Using chromedriver 119.0.6045.105 (resolved driver for Chrome 119)
2023-11-03 T 14:31:19.737+0100 [1][INFO] io.github.bonigarcia.wdm.WebDriverManager->exportDriver Exporting webdriver.chrome.driver as drivers\chromedriver\win64\119.0.6045.105\chromedriver.exe
2023-11-03 T 14:31:19.737+0100 [1][INFO] io.github.bonigarcia.wdm.WebDriverManager->exportDriver Exporting webdriver.chrome.driver as drivers\chromedriver\win64\119.0.6045.105\chromedriver.exe
2023-11-03 T 14:33:23.456+0100 [1][INFO] org.testng.internal.Utils->info [TestNG] Running:
  C:\Users\MikołajNarloch\AppData\Local\JetBrains\IdeaIC2023.2\temp-testng-customsuite.xml

2023-11-03 T 14:33:23.799+0100 [1][INFO] io.github.bonigarcia.wdm.WebDriverManager->resolveDriverVersion Using chromedriver 119.0.6045.105 (resolved driver for Chrome 119)
2023-11-03 T 14:33:23.799+0100 [1][INFO] io.github.bonigarcia.wdm.WebDriverManager->resolveDriverVersion Using chromedriver 119.0.6045.105 (resolved driver for Chrome 119)
2023-11-03 T 14:33:23.818+0100 [1][INFO] io.github.bonigarcia.wdm.WebDriverManager->exportDriver Exporting webdriver.chrome.driver as drivers\chromedriver\win64\119.0.6045.105\chromedriver.exe
2023-11-03 T 14:33:23.818+0100 [1][INFO] io.github.bonigarcia.wdm.WebDriverManager->exportDriver Exporting webdriver.chrome.driver as drivers\chromedriver\win64\119.0.6045.105\chromedriver.exe
2023-11-03 T 14:34:25.863+0100 [1][INFO] org.testng.internal.Utils->info [TestNG] Running:
  C:\Users\MikołajNarloch\AppData\Local\JetBrains\IdeaIC2023.2\temp-testng-customsuite.xml

2023-11-03 T 14:34:26.210+0100 [1][INFO] io.github.bonigarcia.wdm.WebDriverManager->resolveDriverVersion Using chromedriver 119.0.6045.105 (resolved driver for Chrome 119)
2023-11-03 T 14:34:26.210+0100 [1][INFO] io.github.bonigarcia.wdm.WebDriverManager->resolveDriverVersion Using chromedriver 119.0.6045.105 (resolved driver for Chrome 119)
2023-11-03 T 14:34:26.241+0100 [1][INFO] io.github.bonigarcia.wdm.WebDriverManager->exportDriver Exporting webdriver.chrome.driver as drivers\chromedriver\win64\119.0.6045.105\chromedriver.exe
2023-11-03 T 14:34:26.241+0100 [1][INFO] io.github.bonigarcia.wdm.WebDriverManager->exportDriver Exporting webdriver.chrome.driver as drivers\chromedriver\win64\119.0.6045.105\chromedriver.exe
2023-11-03 T 14:35:33.328+0100 [1][INFO] org.testng.internal.Utils->info [TestNG] Running:
  C:\Users\MikołajNarloch\AppData\Local\JetBrains\IdeaIC2023.2\temp-testng-customsuite.xml

2023-11-03 T 14:35:33.677+0100 [1][INFO] io.github.bonigarcia.wdm.WebDriverManager->resolveDriverVersion Using chromedriver 119.0.6045.105 (resolved driver for Chrome 119)
2023-11-03 T 14:35:33.677+0100 [1][INFO] io.github.bonigarcia.wdm.WebDriverManager->resolveDriverVersion Using chromedriver 119.0.6045.105 (resolved driver for Chrome 119)
2023-11-03 T 14:35:33.699+0100 [1][INFO] io.github.bonigarcia.wdm.WebDriverManager->exportDriver Exporting webdriver.chrome.driver as drivers\chromedriver\win64\119.0.6045.105\chromedriver.exe
2023-11-03 T 14:35:33.699+0100 [1][INFO] io.github.bonigarcia.wdm.WebDriverManager->exportDriver Exporting webdriver.chrome.driver as drivers\chromedriver\win64\119.0.6045.105\chromedriver.exe
2023-11-03 T 14:40:30.012+0100 [1][INFO] org.testng.internal.Utils->info [TestNG] Running:
  C:\Users\MikołajNarloch\AppData\Local\JetBrains\IdeaIC2023.2\temp-testng-customsuite.xml

2023-11-03 T 14:40:30.463+0100 [1][INFO] io.github.bonigarcia.wdm.WebDriverManager->resolveDriverVersion Using chromedriver 119.0.6045.105 (resolved driver for Chrome 119)
2023-11-03 T 14:40:30.463+0100 [1][INFO] io.github.bonigarcia.wdm.WebDriverManager->resolveDriverVersion Using chromedriver 119.0.6045.105 (resolved driver for Chrome 119)
2023-11-03 T 14:40:30.489+0100 [1][INFO] io.github.bonigarcia.wdm.WebDriverManager->exportDriver Exporting webdriver.chrome.driver as drivers\chromedriver\win64\119.0.6045.105\chromedriver.exe
2023-11-03 T 14:40:30.489+0100 [1][INFO] io.github.bonigarcia.wdm.WebDriverManager->exportDriver Exporting webdriver.chrome.driver as drivers\chromedriver\win64\119.0.6045.105\chromedriver.exe
2023-11-03 T 14:41:05.712+0100 [1][INFO] org.testng.internal.Utils->info [TestNG] Running:
  C:\Users\MikołajNarloch\AppData\Local\JetBrains\IdeaIC2023.2\temp-testng-customsuite.xml

2023-11-03 T 14:41:06.296+0100 [1][INFO] io.github.bonigarcia.wdm.WebDriverManager->resolveDriverVersion Using chromedriver 119.0.6045.105 (resolved driver for Chrome 119)
2023-11-03 T 14:41:06.296+0100 [1][INFO] io.github.bonigarcia.wdm.WebDriverManager->resolveDriverVersion Using chromedriver 119.0.6045.105 (resolved driver for Chrome 119)
2023-11-03 T 14:41:06.328+0100 [1][INFO] io.github.bonigarcia.wdm.WebDriverManager->exportDriver Exporting webdriver.chrome.driver as drivers\chromedriver\win64\119.0.6045.105\chromedriver.exe
2023-11-03 T 14:41:06.328+0100 [1][INFO] io.github.bonigarcia.wdm.WebDriverManager->exportDriver Exporting webdriver.chrome.driver as drivers\chromedriver\win64\119.0.6045.105\chromedriver.exe
2023-11-03 T 14:49:50.961+0100 [1][INFO] org.testng.internal.Utils->info [TestNG] Running:
  C:\Users\MikołajNarloch\AppData\Local\JetBrains\IdeaIC2023.2\temp-testng-customsuite.xml

2023-11-03 T 14:49:51.333+0100 [1][INFO] io.github.bonigarcia.wdm.WebDriverManager->resolveDriverVersion Using chromedriver 119.0.6045.105 (resolved driver for Chrome 119)
2023-11-03 T 14:49:51.333+0100 [1][INFO] io.github.bonigarcia.wdm.WebDriverManager->resolveDriverVersion Using chromedriver 119.0.6045.105 (resolved driver for Chrome 119)
2023-11-03 T 14:49:51.352+0100 [1][INFO] io.github.bonigarcia.wdm.WebDriverManager->exportDriver Exporting webdriver.chrome.driver as drivers\chromedriver\win64\119.0.6045.105\chromedriver.exe
2023-11-03 T 14:49:51.352+0100 [1][INFO] io.github.bonigarcia.wdm.WebDriverManager->exportDriver Exporting webdriver.chrome.driver as drivers\chromedriver\win64\119.0.6045.105\chromedriver.exe
2023-11-03 T 14:50:36.537+0100 [1][INFO] org.testng.internal.Utils->info [TestNG] Running:
  C:\Users\MikołajNarloch\AppData\Local\JetBrains\IdeaIC2023.2\temp-testng-customsuite.xml

2023-11-03 T 14:50:37.089+0100 [1][INFO] io.github.bonigarcia.wdm.WebDriverManager->resolveDriverVersion Using chromedriver 119.0.6045.105 (resolved driver for Chrome 119)
2023-11-03 T 14:50:37.089+0100 [1][INFO] io.github.bonigarcia.wdm.WebDriverManager->resolveDriverVersion Using chromedriver 119.0.6045.105 (resolved driver for Chrome 119)
2023-11-03 T 14:50:37.141+0100 [1][INFO] io.github.bonigarcia.wdm.WebDriverManager->exportDriver Exporting webdriver.chrome.driver as drivers\chromedriver\win64\119.0.6045.105\chromedriver.exe
2023-11-03 T 14:50:37.141+0100 [1][INFO] io.github.bonigarcia.wdm.WebDriverManager->exportDriver Exporting webdriver.chrome.driver as drivers\chromedriver\win64\119.0.6045.105\chromedriver.exe
2023-11-03 T 14:54:35.476+0100 [1][INFO] org.testng.internal.Utils->info [TestNG] Running:
  C:\Users\MikołajNarloch\AppData\Local\JetBrains\IdeaIC2023.2\temp-testng-customsuite.xml

2023-11-03 T 14:54:36.125+0100 [1][INFO] io.github.bonigarcia.wdm.WebDriverManager->resolveDriverVersion Using chromedriver 119.0.6045.105 (resolved driver for Chrome 119)
2023-11-03 T 14:54:36.125+0100 [1][INFO] io.github.bonigarcia.wdm.WebDriverManager->resolveDriverVersion Using chromedriver 119.0.6045.105 (resolved driver for Chrome 119)
2023-11-03 T 14:54:36.160+0100 [1][INFO] io.github.bonigarcia.wdm.WebDriverManager->exportDriver Exporting webdriver.chrome.driver as drivers\chromedriver\win64\119.0.6045.105\chromedriver.exe
2023-11-03 T 14:54:36.160+0100 [1][INFO] io.github.bonigarcia.wdm.WebDriverManager->exportDriver Exporting webdriver.chrome.driver as drivers\chromedriver\win64\119.0.6045.105\chromedriver.exe
2023-11-03 T 15:03:06.012+0100 [1][INFO] org.testng.internal.Utils->info [TestNG] Running:
  C:\Users\MikołajNarloch\AppData\Local\JetBrains\IdeaIC2023.2\temp-testng-customsuite.xml

2023-11-03 T 15:03:06.384+0100 [1][INFO] io.github.bonigarcia.wdm.WebDriverManager->resolveDriverVersion Using chromedriver 119.0.6045.105 (resolved driver for Chrome 119)
2023-11-03 T 15:03:06.384+0100 [1][INFO] io.github.bonigarcia.wdm.WebDriverManager->resolveDriverVersion Using chromedriver 119.0.6045.105 (resolved driver for Chrome 119)
2023-11-03 T 15:03:06.408+0100 [1][INFO] io.github.bonigarcia.wdm.WebDriverManager->exportDriver Exporting webdriver.chrome.driver as drivers\chromedriver\win64\119.0.6045.105\chromedriver.exe
2023-11-03 T 15:03:06.408+0100 [1][INFO] io.github.bonigarcia.wdm.WebDriverManager->exportDriver Exporting webdriver.chrome.driver as drivers\chromedriver\win64\119.0.6045.105\chromedriver.exe
2023-11-03 T 15:03:25.490+0100 [1][INFO] org.testng.internal.Utils->info [TestNG] Running:
  C:\Users\MikołajNarloch\AppData\Local\JetBrains\IdeaIC2023.2\temp-testng-customsuite.xml

2023-11-03 T 15:03:25.837+0100 [1][INFO] io.github.bonigarcia.wdm.WebDriverManager->resolveDriverVersion Using chromedriver 119.0.6045.105 (resolved driver for Chrome 119)
2023-11-03 T 15:03:25.837+0100 [1][INFO] io.github.bonigarcia.wdm.WebDriverManager->resolveDriverVersion Using chromedriver 119.0.6045.105 (resolved driver for Chrome 119)
2023-11-03 T 15:03:25.857+0100 [1][INFO] io.github.bonigarcia.wdm.WebDriverManager->exportDriver Exporting webdriver.chrome.driver as drivers\chromedriver\win64\119.0.6045.105\chromedriver.exe
2023-11-03 T 15:03:25.857+0100 [1][INFO] io.github.bonigarcia.wdm.WebDriverManager->exportDriver Exporting webdriver.chrome.driver as drivers\chromedriver\win64\119.0.6045.105\chromedriver.exe
2023-11-03 T 15:04:00.197+0100 [1][INFO] org.testng.internal.Utils->info [TestNG] Running:
  C:\Users\MikołajNarloch\AppData\Local\JetBrains\IdeaIC2023.2\temp-testng-customsuite.xml

2023-11-03 T 15:04:00.574+0100 [1][INFO] io.github.bonigarcia.wdm.WebDriverManager->resolveDriverVersion Using chromedriver 119.0.6045.105 (resolved driver for Chrome 119)
2023-11-03 T 15:04:00.574+0100 [1][INFO] io.github.bonigarcia.wdm.WebDriverManager->resolveDriverVersion Using chromedriver 119.0.6045.105 (resolved driver for Chrome 119)
2023-11-03 T 15:04:00.594+0100 [1][INFO] io.github.bonigarcia.wdm.WebDriverManager->exportDriver Exporting webdriver.chrome.driver as drivers\chromedriver\win64\119.0.6045.105\chromedriver.exe
2023-11-03 T 15:04:00.594+0100 [1][INFO] io.github.bonigarcia.wdm.WebDriverManager->exportDriver Exporting webdriver.chrome.driver as drivers\chromedriver\win64\119.0.6045.105\chromedriver.exe
2023-11-03 T 15:08:24.510+0100 [1][INFO] org.testng.internal.Utils->info [TestNG] Running:
  C:\Users\MikołajNarloch\AppData\Local\JetBrains\IdeaIC2023.2\temp-testng-customsuite.xml

2023-11-03 T 15:08:24.876+0100 [1][INFO] io.github.bonigarcia.wdm.WebDriverManager->resolveDriverVersion Using chromedriver 119.0.6045.105 (resolved driver for Chrome 119)
2023-11-03 T 15:08:24.876+0100 [1][INFO] io.github.bonigarcia.wdm.WebDriverManager->resolveDriverVersion Using chromedriver 119.0.6045.105 (resolved driver for Chrome 119)
2023-11-03 T 15:08:24.898+0100 [1][INFO] io.github.bonigarcia.wdm.WebDriverManager->exportDriver Exporting webdriver.chrome.driver as drivers\chromedriver\win64\119.0.6045.105\chromedriver.exe
2023-11-03 T 15:08:24.898+0100 [1][INFO] io.github.bonigarcia.wdm.WebDriverManager->exportDriver Exporting webdriver.chrome.driver as drivers\chromedriver\win64\119.0.6045.105\chromedriver.exe
