2024-02-28 T 13:11:29.610+0100 [1][INFO] org.testng.internal.Utils->info [TestNG] Running:
  C:\Users\MikołajNarloch\OneDrive - QualityMinds GmbH\Dokumenty\Programy\QMWebsiteSeleniumFramework5\testng.xml

2024-02-28 T 13:11:30.846+0100 [27][INFO] io.github.bonigarcia.wdm.WebDriverManager->resolveDriverVersion Using msedgedriver 122.0.2365.59 (resolved driver for Edge 122)
2024-02-28 T 13:11:30.846+0100 [27][INFO] io.github.bonigarcia.wdm.WebDriverManager->resolveDriverVersion Using msedgedriver 122.0.2365.59 (resolved driver for Edge 122)
2024-02-28 T 13:11:30.876+0100 [27][INFO] io.github.bonigarcia.wdm.WebDriverManager->logSeekRepo Reading https://msedgedriver.azureedge.net/?restype=container&comp=list to seek msedgedriver
2024-02-28 T 13:11:30.876+0100 [27][INFO] io.github.bonigarcia.wdm.WebDriverManager->logSeekRepo Reading https://msedgedriver.azureedge.net/?restype=container&comp=list to seek msedgedriver
2024-02-28 T 13:11:30.952+0100 [28][INFO] io.github.bonigarcia.wdm.WebDriverManager->resolveDriverVersion Using chromedriver 122.0.6261.94 (resolved driver for Chrome 122)
2024-02-28 T 13:11:30.952+0100 [29][INFO] io.github.bonigarcia.wdm.WebDriverManager->resolveDriverVersion Using chromedriver 122.0.6261.94 (resolved driver for Chrome 122)
2024-02-28 T 13:11:30.952+0100 [28][INFO] io.github.bonigarcia.wdm.WebDriverManager->resolveDriverVersion Using chromedriver 122.0.6261.94 (resolved driver for Chrome 122)
2024-02-28 T 13:11:30.952+0100 [29][INFO] io.github.bonigarcia.wdm.WebDriverManager->resolveDriverVersion Using chromedriver 122.0.6261.94 (resolved driver for Chrome 122)
2024-02-28 T 13:11:30.965+0100 [29][INFO] io.github.bonigarcia.wdm.WebDriverManager->logSeekRepo Reading https://chromedriver.storage.googleapis.com/ to seek chromedriver
2024-02-28 T 13:11:30.965+0100 [29][INFO] io.github.bonigarcia.wdm.WebDriverManager->logSeekRepo Reading https://chromedriver.storage.googleapis.com/ to seek chromedriver
2024-02-28 T 13:11:30.966+0100 [28][INFO] io.github.bonigarcia.wdm.WebDriverManager->logSeekRepo Reading https://chromedriver.storage.googleapis.com/ to seek chromedriver
2024-02-28 T 13:11:30.966+0100 [28][INFO] io.github.bonigarcia.wdm.WebDriverManager->logSeekRepo Reading https://chromedriver.storage.googleapis.com/ to seek chromedriver
2024-02-28 T 13:11:31.411+0100 [27][INFO] io.github.bonigarcia.wdm.online.Downloader->downloadAndExtract Downloading https://msedgedriver.azureedge.net/122.0.2365.59/edgedriver_win64.zip
2024-02-28 T 13:11:31.411+0100 [27][INFO] io.github.bonigarcia.wdm.online.Downloader->downloadAndExtract Downloading https://msedgedriver.azureedge.net/122.0.2365.59/edgedriver_win64.zip
2024-02-28 T 13:11:31.547+0100 [28][INFO] io.github.bonigarcia.wdm.online.Downloader->downloadAndExtract Downloading https://edgedl.me.gvt1.com/edgedl/chrome/chrome-for-testing/122.0.6261.94/win64/chromedriver-win64.zip
2024-02-28 T 13:11:31.547+0100 [28][INFO] io.github.bonigarcia.wdm.online.Downloader->downloadAndExtract Downloading https://edgedl.me.gvt1.com/edgedl/chrome/chrome-for-testing/122.0.6261.94/win64/chromedriver-win64.zip
2024-02-28 T 13:11:31.661+0100 [29][INFO] io.github.bonigarcia.wdm.online.Downloader->downloadAndExtract Downloading https://edgedl.me.gvt1.com/edgedl/chrome/chrome-for-testing/122.0.6261.94/win64/chromedriver-win64.zip
2024-02-28 T 13:11:31.661+0100 [29][INFO] io.github.bonigarcia.wdm.online.Downloader->downloadAndExtract Downloading https://edgedl.me.gvt1.com/edgedl/chrome/chrome-for-testing/122.0.6261.94/win64/chromedriver-win64.zip
2024-02-28 T 13:11:31.723+0100 [27][INFO] io.github.bonigarcia.wdm.online.Downloader->extract Extracting driver from compressed file edgedriver_win64.zip
2024-02-28 T 13:11:31.723+0100 [27][INFO] io.github.bonigarcia.wdm.online.Downloader->extract Extracting driver from compressed file edgedriver_win64.zip
2024-02-28 T 13:11:31.824+0100 [28][ERROR] io.github.bonigarcia.wdm.online.HttpClient->execute Error HTTP 404 executing https://edgedl.me.gvt1.com/edgedl/chrome/chrome-for-testing/122.0.6261.94/win64/chromedriver-win64.zip
2024-02-28 T 13:11:31.824+0100 [28][ERROR] io.github.bonigarcia.wdm.online.HttpClient->execute Error HTTP 404 executing https://edgedl.me.gvt1.com/edgedl/chrome/chrome-for-testing/122.0.6261.94/win64/chromedriver-win64.zip
2024-02-28 T 13:11:31.826+0100 [28][INFO] io.github.bonigarcia.wdm.cache.ResolutionCache->clear Clearing WebDriverManager resolution cache
2024-02-28 T 13:11:31.826+0100 [28][INFO] io.github.bonigarcia.wdm.cache.ResolutionCache->clear Clearing WebDriverManager resolution cache
2024-02-28 T 13:11:31.827+0100 [28][WARN] io.github.bonigarcia.wdm.WebDriverManager->handleException There was an error managing chromedriver 122.0.6261.94 (Error HTTP 404 executing https://edgedl.me.gvt1.com/edgedl/chrome/chrome-for-testing/122.0.6261.94/win64/chromedriver-win64.zip) ... trying again avoiding reading release from repository
2024-02-28 T 13:11:31.827+0100 [28][WARN] io.github.bonigarcia.wdm.WebDriverManager->handleException There was an error managing chromedriver 122.0.6261.94 (Error HTTP 404 executing https://edgedl.me.gvt1.com/edgedl/chrome/chrome-for-testing/122.0.6261.94/win64/chromedriver-win64.zip) ... trying again avoiding reading release from repository
2024-02-28 T 13:11:31.882+0100 [29][ERROR] io.github.bonigarcia.wdm.online.HttpClient->execute Error HTTP 404 executing https://edgedl.me.gvt1.com/edgedl/chrome/chrome-for-testing/122.0.6261.94/win64/chromedriver-win64.zip
2024-02-28 T 13:11:31.882+0100 [29][ERROR] io.github.bonigarcia.wdm.online.HttpClient->execute Error HTTP 404 executing https://edgedl.me.gvt1.com/edgedl/chrome/chrome-for-testing/122.0.6261.94/win64/chromedriver-win64.zip
2024-02-28 T 13:11:31.884+0100 [29][INFO] io.github.bonigarcia.wdm.cache.ResolutionCache->clear Clearing WebDriverManager resolution cache
2024-02-28 T 13:11:31.884+0100 [29][INFO] io.github.bonigarcia.wdm.cache.ResolutionCache->clear Clearing WebDriverManager resolution cache
2024-02-28 T 13:11:31.885+0100 [29][WARN] io.github.bonigarcia.wdm.WebDriverManager->handleException There was an error managing chromedriver 122.0.6261.94 (Error HTTP 404 executing https://edgedl.me.gvt1.com/edgedl/chrome/chrome-for-testing/122.0.6261.94/win64/chromedriver-win64.zip) ... trying again avoiding reading release from repository
2024-02-28 T 13:11:31.885+0100 [29][WARN] io.github.bonigarcia.wdm.WebDriverManager->handleException There was an error managing chromedriver 122.0.6261.94 (Error HTTP 404 executing https://edgedl.me.gvt1.com/edgedl/chrome/chrome-for-testing/122.0.6261.94/win64/chromedriver-win64.zip) ... trying again avoiding reading release from repository
2024-02-28 T 13:11:32.012+0100 [28][INFO] io.github.bonigarcia.wdm.WebDriverManager->logSeekRepo Reading https://chromedriver.storage.googleapis.com/ to seek chromedriver
2024-02-28 T 13:11:32.012+0100 [28][INFO] io.github.bonigarcia.wdm.WebDriverManager->logSeekRepo Reading https://chromedriver.storage.googleapis.com/ to seek chromedriver
2024-02-28 T 13:11:32.053+0100 [29][INFO] io.github.bonigarcia.wdm.WebDriverManager->logSeekRepo Reading https://chromedriver.storage.googleapis.com/ to seek chromedriver
2024-02-28 T 13:11:32.053+0100 [29][INFO] io.github.bonigarcia.wdm.WebDriverManager->logSeekRepo Reading https://chromedriver.storage.googleapis.com/ to seek chromedriver
2024-02-28 T 13:11:32.262+0100 [27][INFO] io.github.bonigarcia.wdm.WebDriverManager->exportDriver Exporting webdriver.edge.driver as C:\Users\MikołajNarloch\OneDrive - QualityMinds GmbH\Dokumenty\Programy\QMWebsiteSeleniumFramework5\drivers\msedgedriver\win64\122.0.2365.59\msedgedriver.exe
2024-02-28 T 13:11:32.262+0100 [27][INFO] io.github.bonigarcia.wdm.WebDriverManager->exportDriver Exporting webdriver.edge.driver as C:\Users\MikołajNarloch\OneDrive - QualityMinds GmbH\Dokumenty\Programy\QMWebsiteSeleniumFramework5\drivers\msedgedriver\win64\122.0.2365.59\msedgedriver.exe
2024-02-28 T 13:11:32.911+0100 [28][INFO] io.github.bonigarcia.wdm.online.Downloader->downloadAndExtract Downloading https://chromedriver.storage.googleapis.com/114.0.5735.90/chromedriver_win32.zip
2024-02-28 T 13:11:32.911+0100 [28][INFO] io.github.bonigarcia.wdm.online.Downloader->downloadAndExtract Downloading https://chromedriver.storage.googleapis.com/114.0.5735.90/chromedriver_win32.zip
2024-02-28 T 13:11:33.042+0100 [28][INFO] io.github.bonigarcia.wdm.online.Downloader->extract Extracting driver from compressed file chromedriver_win32.zip
2024-02-28 T 13:11:33.042+0100 [28][INFO] io.github.bonigarcia.wdm.online.Downloader->extract Extracting driver from compressed file chromedriver_win32.zip
2024-02-28 T 13:11:33.122+0100 [29][INFO] io.github.bonigarcia.wdm.online.Downloader->downloadAndExtract Downloading https://chromedriver.storage.googleapis.com/114.0.5735.90/chromedriver_win32.zip
2024-02-28 T 13:11:33.122+0100 [29][INFO] io.github.bonigarcia.wdm.online.Downloader->downloadAndExtract Downloading https://chromedriver.storage.googleapis.com/114.0.5735.90/chromedriver_win32.zip
2024-02-28 T 13:11:33.173+0100 [28][INFO] io.github.bonigarcia.wdm.WebDriverManager->exportDriver Exporting webdriver.chrome.driver as C:\Users\MikołajNarloch\OneDrive - QualityMinds GmbH\Dokumenty\Programy\QMWebsiteSeleniumFramework5\drivers\chromedriver\win32\114.0.5735.90\chromedriver.exe
2024-02-28 T 13:11:33.173+0100 [28][INFO] io.github.bonigarcia.wdm.WebDriverManager->exportDriver Exporting webdriver.chrome.driver as C:\Users\MikołajNarloch\OneDrive - QualityMinds GmbH\Dokumenty\Programy\QMWebsiteSeleniumFramework5\drivers\chromedriver\win32\114.0.5735.90\chromedriver.exe
2024-02-28 T 13:11:33.313+0100 [29][INFO] io.github.bonigarcia.wdm.online.Downloader->extract Extracting driver from compressed file chromedriver_win32.zip
2024-02-28 T 13:11:33.313+0100 [29][INFO] io.github.bonigarcia.wdm.online.Downloader->extract Extracting driver from compressed file chromedriver_win32.zip
2024-02-28 T 13:11:33.520+0100 [29][INFO] io.github.bonigarcia.wdm.WebDriverManager->exportDriver Exporting webdriver.chrome.driver as C:\Users\MikołajNarloch\OneDrive - QualityMinds GmbH\Dokumenty\Programy\QMWebsiteSeleniumFramework5\drivers\chromedriver\win32\114.0.5735.90\chromedriver.exe
2024-02-28 T 13:11:33.520+0100 [29][INFO] io.github.bonigarcia.wdm.WebDriverManager->exportDriver Exporting webdriver.chrome.driver as C:\Users\MikołajNarloch\OneDrive - QualityMinds GmbH\Dokumenty\Programy\QMWebsiteSeleniumFramework5\drivers\chromedriver\win32\114.0.5735.90\chromedriver.exe
2024-02-28 T 13:11:37.256+0100 [57][INFO] io.github.bonigarcia.wdm.WebDriverManager->resolveDriverVersion Using geckodriver 0.34.0 (resolved driver for Firefox 122)
2024-02-28 T 13:11:37.256+0100 [57][INFO] io.github.bonigarcia.wdm.WebDriverManager->resolveDriverVersion Using geckodriver 0.34.0 (resolved driver for Firefox 122)
2024-02-28 T 13:11:37.269+0100 [57][INFO] io.github.bonigarcia.wdm.WebDriverManager->logSeekRepo Reading https://raw.githubusercontent.com/bonigarcia/webdrivermanager/master/docs/mirror/geckodriver to seek geckodriver
2024-02-28 T 13:11:37.269+0100 [57][INFO] io.github.bonigarcia.wdm.WebDriverManager->logSeekRepo Reading https://raw.githubusercontent.com/bonigarcia/webdrivermanager/master/docs/mirror/geckodriver to seek geckodriver
2024-02-28 T 13:11:37.314+0100 [57][INFO] io.github.bonigarcia.wdm.online.Downloader->downloadAndExtract Downloading https://github.com/mozilla/geckodriver/releases/download/v0.34.0/geckodriver-v0.34.0-win64.zip
2024-02-28 T 13:11:37.314+0100 [57][INFO] io.github.bonigarcia.wdm.online.Downloader->downloadAndExtract Downloading https://github.com/mozilla/geckodriver/releases/download/v0.34.0/geckodriver-v0.34.0-win64.zip
2024-02-28 T 13:11:37.635+0100 [27][INFO] io.github.bonigarcia.wdm.WebDriverManager->resolveDriverVersion Using msedgedriver 122.0.2365.59 (resolved driver for Edge 122)
2024-02-28 T 13:11:37.635+0100 [27][INFO] io.github.bonigarcia.wdm.WebDriverManager->resolveDriverVersion Using msedgedriver 122.0.2365.59 (resolved driver for Edge 122)
2024-02-28 T 13:11:37.650+0100 [27][INFO] io.github.bonigarcia.wdm.WebDriverManager->exportDriver Exporting webdriver.edge.driver as drivers\msedgedriver\win64\122.0.2365.59\msedgedriver.exe
2024-02-28 T 13:11:37.650+0100 [27][INFO] io.github.bonigarcia.wdm.WebDriverManager->exportDriver Exporting webdriver.edge.driver as drivers\msedgedriver\win64\122.0.2365.59\msedgedriver.exe
2024-02-28 T 13:11:38.050+0100 [57][INFO] io.github.bonigarcia.wdm.online.Downloader->extract Extracting driver from compressed file geckodriver-v0.34.0-win64.zip
2024-02-28 T 13:11:38.050+0100 [57][INFO] io.github.bonigarcia.wdm.online.Downloader->extract Extracting driver from compressed file geckodriver-v0.34.0-win64.zip
2024-02-28 T 13:11:38.107+0100 [57][INFO] io.github.bonigarcia.wdm.WebDriverManager->exportDriver Exporting webdriver.gecko.driver as C:\Users\MikołajNarloch\OneDrive - QualityMinds GmbH\Dokumenty\Programy\QMWebsiteSeleniumFramework5\drivers\geckodriver\win64\0.34.0\geckodriver.exe
2024-02-28 T 13:11:38.107+0100 [57][INFO] io.github.bonigarcia.wdm.WebDriverManager->exportDriver Exporting webdriver.gecko.driver as C:\Users\MikołajNarloch\OneDrive - QualityMinds GmbH\Dokumenty\Programy\QMWebsiteSeleniumFramework5\drivers\geckodriver\win64\0.34.0\geckodriver.exe
2024-02-28 T 13:11:41.605+0100 [27][INFO] io.github.bonigarcia.wdm.WebDriverManager->resolveDriverVersion Using msedgedriver 122.0.2365.59 (resolved driver for Edge 122)
2024-02-28 T 13:11:41.605+0100 [27][INFO] io.github.bonigarcia.wdm.WebDriverManager->resolveDriverVersion Using msedgedriver 122.0.2365.59 (resolved driver for Edge 122)
2024-02-28 T 13:11:41.618+0100 [27][INFO] io.github.bonigarcia.wdm.WebDriverManager->exportDriver Exporting webdriver.edge.driver as drivers\msedgedriver\win64\122.0.2365.59\msedgedriver.exe
2024-02-28 T 13:11:41.618+0100 [27][INFO] io.github.bonigarcia.wdm.WebDriverManager->exportDriver Exporting webdriver.edge.driver as drivers\msedgedriver\win64\122.0.2365.59\msedgedriver.exe
2024-02-28 T 13:11:45.282+0100 [27][INFO] io.github.bonigarcia.wdm.WebDriverManager->resolveDriverVersion Using msedgedriver 122.0.2365.59 (resolved driver for Edge 122)
2024-02-28 T 13:11:45.282+0100 [27][INFO] io.github.bonigarcia.wdm.WebDriverManager->resolveDriverVersion Using msedgedriver 122.0.2365.59 (resolved driver for Edge 122)
2024-02-28 T 13:11:45.290+0100 [27][INFO] io.github.bonigarcia.wdm.WebDriverManager->exportDriver Exporting webdriver.edge.driver as drivers\msedgedriver\win64\122.0.2365.59\msedgedriver.exe
2024-02-28 T 13:11:45.290+0100 [27][INFO] io.github.bonigarcia.wdm.WebDriverManager->exportDriver Exporting webdriver.edge.driver as drivers\msedgedriver\win64\122.0.2365.59\msedgedriver.exe
2024-02-28 T 13:11:45.471+0100 [57][INFO] io.github.bonigarcia.wdm.WebDriverManager->resolveDriverVersion Using geckodriver 0.34.0 (resolved driver for Firefox 122)
2024-02-28 T 13:11:45.471+0100 [57][INFO] io.github.bonigarcia.wdm.WebDriverManager->resolveDriverVersion Using geckodriver 0.34.0 (resolved driver for Firefox 122)
2024-02-28 T 13:11:45.483+0100 [57][INFO] io.github.bonigarcia.wdm.WebDriverManager->exportDriver Exporting webdriver.gecko.driver as drivers\geckodriver\win64\0.34.0\geckodriver.exe
2024-02-28 T 13:11:45.483+0100 [57][INFO] io.github.bonigarcia.wdm.WebDriverManager->exportDriver Exporting webdriver.gecko.driver as drivers\geckodriver\win64\0.34.0\geckodriver.exe
2024-02-28 T 13:11:48.845+0100 [27][INFO] io.github.bonigarcia.wdm.WebDriverManager->resolveDriverVersion Using msedgedriver 122.0.2365.59 (resolved driver for Edge 122)
2024-02-28 T 13:11:48.845+0100 [27][INFO] io.github.bonigarcia.wdm.WebDriverManager->resolveDriverVersion Using msedgedriver 122.0.2365.59 (resolved driver for Edge 122)
2024-02-28 T 13:11:48.860+0100 [27][INFO] io.github.bonigarcia.wdm.WebDriverManager->exportDriver Exporting webdriver.edge.driver as drivers\msedgedriver\win64\122.0.2365.59\msedgedriver.exe
2024-02-28 T 13:11:48.860+0100 [27][INFO] io.github.bonigarcia.wdm.WebDriverManager->exportDriver Exporting webdriver.edge.driver as drivers\msedgedriver\win64\122.0.2365.59\msedgedriver.exe
2024-02-28 T 13:11:52.150+0100 [27][INFO] io.github.bonigarcia.wdm.WebDriverManager->resolveDriverVersion Using msedgedriver 122.0.2365.59 (resolved driver for Edge 122)
2024-02-28 T 13:11:52.150+0100 [27][INFO] io.github.bonigarcia.wdm.WebDriverManager->resolveDriverVersion Using msedgedriver 122.0.2365.59 (resolved driver for Edge 122)
2024-02-28 T 13:11:52.166+0100 [27][INFO] io.github.bonigarcia.wdm.WebDriverManager->exportDriver Exporting webdriver.edge.driver as drivers\msedgedriver\win64\122.0.2365.59\msedgedriver.exe
2024-02-28 T 13:11:52.166+0100 [27][INFO] io.github.bonigarcia.wdm.WebDriverManager->exportDriver Exporting webdriver.edge.driver as drivers\msedgedriver\win64\122.0.2365.59\msedgedriver.exe
2024-02-28 T 13:11:52.223+0100 [57][INFO] io.github.bonigarcia.wdm.WebDriverManager->resolveDriverVersion Using geckodriver 0.34.0 (resolved driver for Firefox 122)
2024-02-28 T 13:11:52.223+0100 [57][INFO] io.github.bonigarcia.wdm.WebDriverManager->resolveDriverVersion Using geckodriver 0.34.0 (resolved driver for Firefox 122)
2024-02-28 T 13:11:52.233+0100 [57][INFO] io.github.bonigarcia.wdm.WebDriverManager->exportDriver Exporting webdriver.gecko.driver as drivers\geckodriver\win64\0.34.0\geckodriver.exe
2024-02-28 T 13:11:52.233+0100 [57][INFO] io.github.bonigarcia.wdm.WebDriverManager->exportDriver Exporting webdriver.gecko.driver as drivers\geckodriver\win64\0.34.0\geckodriver.exe
2024-02-28 T 13:11:55.363+0100 [27][INFO] io.github.bonigarcia.wdm.WebDriverManager->resolveDriverVersion Using msedgedriver 122.0.2365.59 (resolved driver for Edge 122)
2024-02-28 T 13:11:55.363+0100 [27][INFO] io.github.bonigarcia.wdm.WebDriverManager->resolveDriverVersion Using msedgedriver 122.0.2365.59 (resolved driver for Edge 122)
2024-02-28 T 13:11:55.377+0100 [27][INFO] io.github.bonigarcia.wdm.WebDriverManager->exportDriver Exporting webdriver.edge.driver as drivers\msedgedriver\win64\122.0.2365.59\msedgedriver.exe
2024-02-28 T 13:11:55.377+0100 [27][INFO] io.github.bonigarcia.wdm.WebDriverManager->exportDriver Exporting webdriver.edge.driver as drivers\msedgedriver\win64\122.0.2365.59\msedgedriver.exe
2024-02-28 T 13:11:58.864+0100 [57][INFO] io.github.bonigarcia.wdm.WebDriverManager->resolveDriverVersion Using geckodriver 0.34.0 (resolved driver for Firefox 122)
2024-02-28 T 13:11:58.864+0100 [57][INFO] io.github.bonigarcia.wdm.WebDriverManager->resolveDriverVersion Using geckodriver 0.34.0 (resolved driver for Firefox 122)
2024-02-28 T 13:11:58.876+0100 [57][INFO] io.github.bonigarcia.wdm.WebDriverManager->exportDriver Exporting webdriver.gecko.driver as drivers\geckodriver\win64\0.34.0\geckodriver.exe
2024-02-28 T 13:11:58.876+0100 [57][INFO] io.github.bonigarcia.wdm.WebDriverManager->exportDriver Exporting webdriver.gecko.driver as drivers\geckodriver\win64\0.34.0\geckodriver.exe
2024-02-28 T 13:11:58.932+0100 [27][INFO] io.github.bonigarcia.wdm.WebDriverManager->resolveDriverVersion Using msedgedriver 122.0.2365.59 (resolved driver for Edge 122)
2024-02-28 T 13:11:58.932+0100 [27][INFO] io.github.bonigarcia.wdm.WebDriverManager->resolveDriverVersion Using msedgedriver 122.0.2365.59 (resolved driver for Edge 122)
2024-02-28 T 13:11:58.947+0100 [27][INFO] io.github.bonigarcia.wdm.WebDriverManager->exportDriver Exporting webdriver.edge.driver as drivers\msedgedriver\win64\122.0.2365.59\msedgedriver.exe
2024-02-28 T 13:11:58.947+0100 [27][INFO] io.github.bonigarcia.wdm.WebDriverManager->exportDriver Exporting webdriver.edge.driver as drivers\msedgedriver\win64\122.0.2365.59\msedgedriver.exe
2024-02-28 T 13:12:02.232+0100 [27][INFO] io.github.bonigarcia.wdm.WebDriverManager->resolveDriverVersion Using msedgedriver 122.0.2365.59 (resolved driver for Edge 122)
2024-02-28 T 13:12:02.232+0100 [27][INFO] io.github.bonigarcia.wdm.WebDriverManager->resolveDriverVersion Using msedgedriver 122.0.2365.59 (resolved driver for Edge 122)
2024-02-28 T 13:12:02.249+0100 [27][INFO] io.github.bonigarcia.wdm.WebDriverManager->exportDriver Exporting webdriver.edge.driver as drivers\msedgedriver\win64\122.0.2365.59\msedgedriver.exe
2024-02-28 T 13:12:02.249+0100 [27][INFO] io.github.bonigarcia.wdm.WebDriverManager->exportDriver Exporting webdriver.edge.driver as drivers\msedgedriver\win64\122.0.2365.59\msedgedriver.exe
2024-02-28 T 13:12:05.086+0100 [57][INFO] io.github.bonigarcia.wdm.WebDriverManager->resolveDriverVersion Using geckodriver 0.34.0 (resolved driver for Firefox 122)
2024-02-28 T 13:12:05.086+0100 [57][INFO] io.github.bonigarcia.wdm.WebDriverManager->resolveDriverVersion Using geckodriver 0.34.0 (resolved driver for Firefox 122)
2024-02-28 T 13:12:05.098+0100 [57][INFO] io.github.bonigarcia.wdm.WebDriverManager->exportDriver Exporting webdriver.gecko.driver as drivers\geckodriver\win64\0.34.0\geckodriver.exe
2024-02-28 T 13:12:05.098+0100 [57][INFO] io.github.bonigarcia.wdm.WebDriverManager->exportDriver Exporting webdriver.gecko.driver as drivers\geckodriver\win64\0.34.0\geckodriver.exe
2024-02-28 T 13:12:05.557+0100 [27][INFO] io.github.bonigarcia.wdm.WebDriverManager->resolveDriverVersion Using msedgedriver 122.0.2365.59 (resolved driver for Edge 122)
2024-02-28 T 13:12:05.557+0100 [27][INFO] io.github.bonigarcia.wdm.WebDriverManager->resolveDriverVersion Using msedgedriver 122.0.2365.59 (resolved driver for Edge 122)
2024-02-28 T 13:12:05.571+0100 [27][INFO] io.github.bonigarcia.wdm.WebDriverManager->exportDriver Exporting webdriver.edge.driver as drivers\msedgedriver\win64\122.0.2365.59\msedgedriver.exe
2024-02-28 T 13:12:05.571+0100 [27][INFO] io.github.bonigarcia.wdm.WebDriverManager->exportDriver Exporting webdriver.edge.driver as drivers\msedgedriver\win64\122.0.2365.59\msedgedriver.exe
